[debug] [2026-07-12T11:52:54.683Z] ----------------------------------------------------------------------
[debug] [2026-07-12T11:52:54.688Z] Command:       C:\Program Files\nodejs\node.exe C:\Users\hp\AppData\Roaming\npm\node_modules\firebase-tools\lib\bin\firebase.js init
[debug] [2026-07-12T11:52:54.689Z] CLI Version:   15.23.0
[debug] [2026-07-12T11:52:54.689Z] Platform:      win32
[debug] [2026-07-12T11:52:54.689Z] Node Version:  v24.15.0
[debug] [2026-07-12T11:52:54.690Z] Detected Agent: unknown
[debug] [2026-07-12T11:52:54.690Z] Time:          Sun Jul 12 2026 13:52:54 GMT+0200 (heure d’été d’Europe centrale)
[debug] [2026-07-12T11:52:54.690Z] ----------------------------------------------------------------------
[debug] 
[info] 
     ######## #### ########  ######## ########     ###     ######  ########
     ##        ##  ##     ## ##       ##     ##  ##   ##  ##       ##
     ######    ##  ########  ######   ########  #########  ######  ######
     ##        ##  ##    ##  ##       ##     ## ##     ##       ## ##
     ##       #### ##     ## ######## ########  ##     ##  ######  ########

You're about to initialize a Firebase project in this directory:

  C:\Users\hp\an-nour-bien-etre

[info] 
=== Project Setup
[info] 
[info] First, let's associate this project directory with a Firebase project.
[info] You can create multiple project aliases by running firebase use --add, 
[info] 
[info] i  If you want to create a project in a Google Cloud organization or folder, please use "firebase projects:create" instead, and return to this command when you've created the project. 
[debug] [2026-07-12T11:59:40.653Z] > command requires scopes: ["email","openid","https://www.googleapis.com/auth/cloudplatformprojects.readonly","https://www.googleapis.com/auth/firebase","https://www.googleapis.com/auth/cloud-platform"]
[debug] [2026-07-12T11:59:40.654Z] > authorizing via signed-in user (mackasarr27@gmail.com)
[debug] [2026-07-12T12:00:35.920Z] Checked if tokens are valid: true, expires at: 1783860560940
[debug] [2026-07-12T12:00:35.920Z] Checked if tokens are valid: true, expires at: 1783860560940
[debug] [2026-07-12T12:00:35.924Z] >>> [apiv2][query] POST https://firebase.googleapis.com/v1/projects:checkProjectId [none]
[debug] [2026-07-12T12:00:35.924Z] >>> [apiv2][body] POST https://firebase.googleapis.com/v1/projects:checkProjectId {"proposedId":"an-nour-bien-etre"}
[debug] [2026-07-12T12:00:36.572Z] <<< [apiv2][status] POST https://firebase.googleapis.com/v1/projects:checkProjectId 200
[debug] [2026-07-12T12:00:36.573Z] <<< [apiv2][body] POST https://firebase.googleapis.com/v1/projects:checkProjectId {"projectIdStatus":"PROJECT_ID_AVAILABLE","suggestedProjectId":"an-nour-bien-etre"}
[debug] [2026-07-12T12:01:57.410Z] Checked if tokens are valid: true, expires at: 1783860560940
[debug] [2026-07-12T12:01:57.410Z] Checked if tokens are valid: true, expires at: 1783860560940
[debug] [2026-07-12T12:01:57.411Z] >>> [apiv2][query] POST https://cloudresourcemanager.googleapis.com/v1/projects [none]
[debug] [2026-07-12T12:01:57.411Z] >>> [apiv2][body] POST https://cloudresourcemanager.googleapis.com/v1/projects {"projectId":"an-nour-bien-etre","name":"An Nour Bien-Être"}
[debug] [2026-07-12T12:01:58.297Z] <<< [apiv2][status] POST https://cloudresourcemanager.googleapis.com/v1/projects 400
[debug] [2026-07-12T12:01:58.298Z] <<< [apiv2][body] POST https://cloudresourcemanager.googleapis.com/v1/projects {"error":{"code":400,"message":"field [display_name] has issue [project display name contains invalid characters]","status":"INVALID_ARGUMENT","details":[{"@type":"type.googleapis.com/google.rpc.BadRequest","fieldViolations":[{"field":"display_name","description":"project display name contains invalid characters"}]},{"@type":"type.googleapis.com/google.rpc.Help","links":[{"url":"https://cloud.google.com/resource-manager/reference/rest/v1/projects"}]}]}}
[debug] [2026-07-12T12:01:58.553Z] FirebaseError: Request to https://cloudresourcemanager.googleapis.com/v1/projects had HTTP Error: 400, field [display_name] has issue [project display name contains invalid characters]
    at responseToError (C:\Users\hp\AppData\Roaming\npm\node_modules\firebase-tools\lib\responseToError.js:53:12)
    at RetryOperation._fn (C:\Users\hp\AppData\Roaming\npm\node_modules\firebase-tools\lib\apiv2.js:415:77)
    at process.processTicksAndRejections (node:internal/process/task_queues:104:5)
[error] 
[error] Error: Failed to create project. See firebase-debug.log for more info.
